{
  "stats": {
    "suites": 1,
    "tests": 11,
    "passes": 10,
    "pending": 0,
    "failures": 1,
    "start": "2025-04-22T00:47:27.798Z",
    "end": "2025-04-22T00:49:50.419Z",
    "duration": 142621,
    "testsRegistered": 11,
    "passPercent": 90.9090909090909,
    "pendingPercent": 0,
    "other": 0,
    "hasOther": false,
    "skipped": 0,
    "hasSkipped": false
  },
  "results": [
    {
      "uuid": "82c720fb-dd81-424f-8424-2c3d855e5895",
      "title": "",
      "fullFile": "cypress\\e2e\\elements.cy.js",
      "file": "cypress\\e2e\\elements.cy.js",
      "beforeHooks": [],
      "afterHooks": [],
      "tests": [],
      "suites": [
        {
          "uuid": "d89a2568-4c00-4f75-a8c1-0452beeb5c72",
          "title": "DemoQA Testing - Elements",
          "fullFile": "",
          "file": "",
          "beforeHooks": [],
          "afterHooks": [],
          "tests": [
            {
              "title": "Validating Homepage",
              "fullTitle": "DemoQA Testing - Elements Validating Homepage",
              "timedOut": null,
              "duration": 19831,
              "state": "passed",
              "speed": "slow",
              "pass": true,
              "fail": false,
              "pending": false,
              "context": null,
              "code": "cy.visit('/');\ncy.get('.home-body').should('be.visible');",
              "err": {},
              "uuid": "d2984dae-783b-44a5-ad45-bf3ee89a95c0",
              "parentUUID": "d89a2568-4c00-4f75-a8c1-0452beeb5c72",
              "isHook": false,
              "skipped": false
            },
            {
              "title": "Validating Elements - Text Box",
              "fullTitle": "DemoQA Testing - Elements Validating Elements - Text Box",
              "timedOut": null,
              "duration": 13467,
              "state": "passed",
              "speed": "slow",
              "pass": true,
              "fail": false,
              "pending": false,
              "context": null,
              "code": "_elements.default.textBox();",
              "err": {},
              "uuid": "8e053135-0483-4f81-bc85-5f91c28a6064",
              "parentUUID": "d89a2568-4c00-4f75-a8c1-0452beeb5c72",
              "isHook": false,
              "skipped": false
            },
            {
              "title": "Validating Elements - Check Box",
              "fullTitle": "DemoQA Testing - Elements Validating Elements - Check Box",
              "timedOut": null,
              "duration": 7532,
              "state": "passed",
              "speed": "medium",
              "pass": true,
              "fail": false,
              "pending": false,
              "context": null,
              "code": "_elements.default.checkBox();",
              "err": {},
              "uuid": "eb03b540-d12e-4ca8-b1be-0c0980ccf9d4",
              "parentUUID": "d89a2568-4c00-4f75-a8c1-0452beeb5c72",
              "isHook": false,
              "skipped": false
            },
            {
              "title": "Validating Elements - Radio Button",
              "fullTitle": "DemoQA Testing - Elements Validating Elements - Radio Button",
              "timedOut": null,
              "duration": 12214,
              "state": "passed",
              "speed": "slow",
              "pass": true,
              "fail": false,
              "pending": false,
              "context": null,
              "code": "_elements.default.radioButton();",
              "err": {},
              "uuid": "5fe6fbf9-e855-4daf-b50d-8accc8bb0dbc",
              "parentUUID": "d89a2568-4c00-4f75-a8c1-0452beeb5c72",
              "isHook": false,
              "skipped": false
            },
            {
              "title": "Validating Elements - Web Tables",
              "fullTitle": "DemoQA Testing - Elements Validating Elements - Web Tables",
              "timedOut": null,
              "duration": 14510,
              "state": "passed",
              "speed": "slow",
              "pass": true,
              "fail": false,
              "pending": false,
              "context": null,
              "code": "_elements.default.webTables();",
              "err": {},
              "uuid": "856c6ce0-9d3e-4dd9-aea7-e9c552f8f55b",
              "parentUUID": "d89a2568-4c00-4f75-a8c1-0452beeb5c72",
              "isHook": false,
              "skipped": false
            },
            {
              "title": "Validating Elements - Buttons",
              "fullTitle": "DemoQA Testing - Elements Validating Elements - Buttons",
              "timedOut": null,
              "duration": 7984,
              "state": "passed",
              "speed": "medium",
              "pass": true,
              "fail": false,
              "pending": false,
              "context": null,
              "code": "_elements.default.buttons();",
              "err": {},
              "uuid": "2aa0d313-6db5-4fe0-89b4-675e3514e157",
              "parentUUID": "d89a2568-4c00-4f75-a8c1-0452beeb5c72",
              "isHook": false,
              "skipped": false
            },
            {
              "title": "Validating Elements - Links",
              "fullTitle": "DemoQA Testing - Elements Validating Elements - Links",
              "timedOut": null,
              "duration": 33567,
              "state": "passed",
              "speed": "slow",
              "pass": true,
              "fail": false,
              "pending": false,
              "context": null,
              "code": "_elements.default.links();",
              "err": {},
              "uuid": "19fc9242-5496-43d6-9285-b15cc9caf275",
              "parentUUID": "d89a2568-4c00-4f75-a8c1-0452beeb5c72",
              "isHook": false,
              "skipped": false
            },
            {
              "title": "Validating Elements - Broken Links / Images",
              "fullTitle": "DemoQA Testing - Elements Validating Elements - Broken Links / Images",
              "timedOut": null,
              "duration": 7762,
              "state": "passed",
              "speed": "medium",
              "pass": true,
              "fail": false,
              "pending": false,
              "context": null,
              "code": "_elements.default.brokenLinksImages();",
              "err": {},
              "uuid": "48c4d365-9e76-4617-8c9f-41fbabed8a4b",
              "parentUUID": "d89a2568-4c00-4f75-a8c1-0452beeb5c72",
              "isHook": false,
              "skipped": false
            },
            {
              "title": "Validating Elements - Upload and Download",
              "fullTitle": "DemoQA Testing - Elements Validating Elements - Upload and Download",
              "timedOut": null,
              "duration": 9033,
              "state": "passed",
              "speed": "medium",
              "pass": true,
              "fail": false,
              "pending": false,
              "context": null,
              "code": "_elements.default.uploadDownload();",
              "err": {},
              "uuid": "ca903bd0-9548-4c25-9e06-44dd35c896b1",
              "parentUUID": "d89a2568-4c00-4f75-a8c1-0452beeb5c72",
              "isHook": false,
              "skipped": false
            },
            {
              "title": "Validating Elements - Dynamic Properties",
              "fullTitle": "DemoQA Testing - Elements Validating Elements - Dynamic Properties",
              "timedOut": null,
              "duration": 10514,
              "state": "passed",
              "speed": "slow",
              "pass": true,
              "fail": false,
              "pending": false,
              "context": null,
              "code": "_elements.default.dynamicProperties();",
              "err": {},
              "uuid": "da852a33-45e3-4753-9c2b-42698e452d1c",
              "parentUUID": "d89a2568-4c00-4f75-a8c1-0452beeb5c72",
              "isHook": false,
              "skipped": false
            },
            {
              "title": "Validating Forms - Empty Fields",
              "fullTitle": "DemoQA Testing - Elements Validating Forms - Empty Fields",
              "timedOut": null,
              "duration": 2181,
              "state": "failed",
              "speed": null,
              "pass": false,
              "fail": true,
              "pending": false,
              "context": null,
              "code": "forms.emptyFields();",
              "err": {
                "message": "ReferenceError: forms is not defined",
                "estack": "ReferenceError: forms is not defined\n    at Context.eval (webpack:///./cypress/e2e/elements.cy.js:51:4)\n    at runnable.fn (https://demoqa.com/__cypress/runner/cypress_runner.js:140458:19)\n    at callFn (https://demoqa.com/__cypress/runner/cypress_runner.js:159536:21)\n    at Runnable.run (https://demoqa.com/__cypress/runner/cypress_runner.js:159523:7)\n    at <unknown> (https://demoqa.com/__cypress/runner/cypress_runner.js:165595:30)\n    at PassThroughHandlerContext.finallyHandler (https://demoqa.com/__cypress/runner/cypress_runner.js:4042:23)\n    at PassThroughHandlerContext.tryCatcher (https://demoqa.com/__cypress/runner/cypress_runner.js:1777:23)\n    at Promise._settlePromiseFromHandler (https://demoqa.com/__cypress/runner/cypress_runner.js:1489:31)\n    at Promise._settlePromise (https://demoqa.com/__cypress/runner/cypress_runner.js:1546:18)",
                "diff": null
              },
              "uuid": "d8d2a6da-b2a7-4345-b657-ebd95560c2ec",
              "parentUUID": "d89a2568-4c00-4f75-a8c1-0452beeb5c72",
              "isHook": false,
              "skipped": false
            }
          ],
          "suites": [],
          "passes": [
            "d2984dae-783b-44a5-ad45-bf3ee89a95c0",
            "8e053135-0483-4f81-bc85-5f91c28a6064",
            "eb03b540-d12e-4ca8-b1be-0c0980ccf9d4",
            "5fe6fbf9-e855-4daf-b50d-8accc8bb0dbc",
            "856c6ce0-9d3e-4dd9-aea7-e9c552f8f55b",
            "2aa0d313-6db5-4fe0-89b4-675e3514e157",
            "19fc9242-5496-43d6-9285-b15cc9caf275",
            "48c4d365-9e76-4617-8c9f-41fbabed8a4b",
            "ca903bd0-9548-4c25-9e06-44dd35c896b1",
            "da852a33-45e3-4753-9c2b-42698e452d1c"
          ],
          "failures": [
            "d8d2a6da-b2a7-4345-b657-ebd95560c2ec"
          ],
          "pending": [],
          "skipped": [],
          "duration": 138595,
          "root": false,
          "rootEmpty": false,
          "_timeout": 2000
        }
      ],
      "passes": [],
      "failures": [],
      "pending": [],
      "skipped": [],
      "duration": 0,
      "root": true,
      "rootEmpty": true,
      "_timeout": 2000
    }
  ],
  "meta": {
    "mocha": {
      "version": "7.2.0"
    },
    "mochawesome": {
      "options": {
        "quiet": false,
        "reportFilename": "mochawesome",
        "saveHtml": false,
        "saveJson": true,
        "consoleReporter": "spec",
        "useInlineDiffs": false,
        "code": true
      },
      "version": "7.1.3"
    },
    "marge": {
      "options": {
        "reportDir": "cypress/reports/mochawesome",
        "overwrite": false,
        "html": false,
        "json": true
      },
      "version": "6.2.0"
    }
  }
}