{
  "stats": {
    "suites": 1,
    "tests": 1,
    "passes": 1,
    "pending": 0,
    "failures": 0,
    "start": "2025-04-22T00:46:57.036Z",
    "end": "2025-04-22T00:47:23.167Z",
    "duration": 26131,
    "testsRegistered": 1,
    "passPercent": 100,
    "pendingPercent": 0,
    "other": 0,
    "hasOther": false,
    "skipped": 0,
    "hasSkipped": false
  },
  "results": [
    {
      "uuid": "2b9e45a7-a559-4062-9f63-a20cba831ca7",
      "title": "",
      "fullFile": "cypress\\e2e\\alertsFramesWindows.cy.js",
      "file": "cypress\\e2e\\alertsFramesWindows.cy.js",
      "beforeHooks": [],
      "afterHooks": [],
      "tests": [],
      "suites": [
        {
          "uuid": "51dfe487-6999-45d6-86af-9961cbedf84a",
          "title": "DemoQA Testing - Alerts, Frames and Windows",
          "fullFile": "",
          "file": "",
          "beforeHooks": [],
          "afterHooks": [],
          "tests": [
            {
              "title": "Validating Frames",
              "fullTitle": "DemoQA Testing - Alerts, Frames and Windows Validating Frames",
              "timedOut": null,
              "duration": 25722,
              "state": "passed",
              "speed": "slow",
              "pass": true,
              "fail": false,
              "pending": false,
              "context": null,
              "code": "_alertsFramesWindows.default.frames();",
              "err": {},
              "uuid": "999613ae-2007-48c6-9ba7-239596289e96",
              "parentUUID": "51dfe487-6999-45d6-86af-9961cbedf84a",
              "isHook": false,
              "skipped": false
            }
          ],
          "suites": [],
          "passes": [
            "999613ae-2007-48c6-9ba7-239596289e96"
          ],
          "failures": [],
          "pending": [],
          "skipped": [],
          "duration": 25722,
          "root": false,
          "rootEmpty": false,
          "_timeout": 2000
        }
      ],
      "passes": [],
      "failures": [],
      "pending": [],
      "skipped": [],
      "duration": 0,
      "root": true,
      "rootEmpty": true,
      "_timeout": 2000
    }
  ],
  "meta": {
    "mocha": {
      "version": "7.2.0"
    },
    "mochawesome": {
      "options": {
        "quiet": false,
        "reportFilename": "mochawesome",
        "saveHtml": false,
        "saveJson": true,
        "consoleReporter": "spec",
        "useInlineDiffs": false,
        "code": true
      },
      "version": "7.1.3"
    },
    "marge": {
      "options": {
        "reportDir": "cypress/reports/mochawesome",
        "overwrite": false,
        "html": false,
        "json": true
      },
      "version": "6.2.0"
    }
  }
}