{
  "stats": {
    "suites": 1,
    "tests": 2,
    "passes": 2,
    "pending": 0,
    "failures": 0,
    "start": "2025-04-22T00:49:55.191Z",
    "end": "2025-04-22T00:50:32.928Z",
    "duration": 37737,
    "testsRegistered": 2,
    "passPercent": 100,
    "pendingPercent": 0,
    "other": 0,
    "hasOther": false,
    "skipped": 0,
    "hasSkipped": false
  },
  "results": [
    {
      "uuid": "53830c88-80fc-40f2-8df8-483a774fd2fb",
      "title": "",
      "fullFile": "cypress\\e2e\\forms.cy.js",
      "file": "cypress\\e2e\\forms.cy.js",
      "beforeHooks": [],
      "afterHooks": [],
      "tests": [],
      "suites": [
        {
          "uuid": "84a05447-1e00-4a46-9024-915e2a13727f",
          "title": "DemoQA Testing - Forms",
          "fullFile": "",
          "file": "",
          "beforeHooks": [],
          "afterHooks": [],
          "tests": [
            {
              "title": "Validating form submission with empty fields",
              "fullTitle": "DemoQA Testing - Forms Validating form submission with empty fields",
              "timedOut": null,
              "duration": 15688,
              "state": "passed",
              "speed": "slow",
              "pass": true,
              "fail": false,
              "pending": false,
              "context": null,
              "code": "_form.default.emptyFields();",
              "err": {},
              "uuid": "62e25ccf-daac-45fc-9023-a7c6502a2810",
              "parentUUID": "84a05447-1e00-4a46-9024-915e2a13727f",
              "isHook": false,
              "skipped": false
            },
            {
              "title": "Validating form submission with valid data",
              "fullTitle": "DemoQA Testing - Forms Validating form submission with valid data",
              "timedOut": null,
              "duration": 21099,
              "state": "passed",
              "speed": "slow",
              "pass": true,
              "fail": false,
              "pending": false,
              "context": null,
              "code": "_form.default.validForms();",
              "err": {},
              "uuid": "e845fc32-5be6-43ec-8dda-27642eebd736",
              "parentUUID": "84a05447-1e00-4a46-9024-915e2a13727f",
              "isHook": false,
              "skipped": false
            }
          ],
          "suites": [],
          "passes": [
            "62e25ccf-daac-45fc-9023-a7c6502a2810",
            "e845fc32-5be6-43ec-8dda-27642eebd736"
          ],
          "failures": [],
          "pending": [],
          "skipped": [],
          "duration": 36787,
          "root": false,
          "rootEmpty": false,
          "_timeout": 2000
        }
      ],
      "passes": [],
      "failures": [],
      "pending": [],
      "skipped": [],
      "duration": 0,
      "root": true,
      "rootEmpty": true,
      "_timeout": 2000
    }
  ],
  "meta": {
    "mocha": {
      "version": "7.2.0"
    },
    "mochawesome": {
      "options": {
        "quiet": false,
        "reportFilename": "mochawesome",
        "saveHtml": false,
        "saveJson": true,
        "consoleReporter": "spec",
        "useInlineDiffs": false,
        "code": true
      },
      "version": "7.1.3"
    },
    "marge": {
      "options": {
        "reportDir": "cypress/reports/mochawesome",
        "overwrite": false,
        "html": false,
        "json": true
      },
      "version": "6.2.0"
    }
  }
}